# JRE version: OpenJDK Runtime Environment Temurin-21.0.11+10 (21.0.11+10) (build 21.0.11+10-LTS)
# Java VM: OpenJDK 64-Bit Server VM Temurin-21.0.11+10 (21.0.11+10-LTS, mixed mode, sharing, tiered, compressed oops, compressed class ptrs, parallel gc, windows-amd64)
GC Precious Log:
 CardTable entry size: 512
 CPUs: 16 total, 16 available
 Memory: 16068M
 Large Page Support: Disabled
 NUMA Support: Disabled
 Compressed Oops: Enabled (32-bit)
 Alignments: Space 512K, Generation 512K, Heap 2M
 Heap Min Capacity: 100M
 Heap Initial Capacity: 100M
 Heap Max Capacity: 2G
 Pre-touch: Disabled
 Parallel Workers: 13
Heap:
 PSYoungGen      total 14336K, used 9282K [0x00000000d5580000, 0x00000000d6480000, 0x0000000100000000)
  eden space 13824K, 65% used [0x00000000d5580000,0x00000000d5e68b68,0x00000000d6300000)
  from space 512K, 31% used [0x00000000d6380000,0x00000000d63a8000,0x00000000d6400000)
  to   space 512K, 0% used [0x00000000d6400000,0x00000000d6400000,0x00000000d6480000)
 ParOldGen       total 68608K, used 51953K [0x0000000080000000, 0x0000000084300000, 0x00000000d5580000)
  object space 68608K, 75% used [0x0000000080000000,0x00000000832bc750,0x0000000084300000)
 Metaspace       used 70909K, committed 72448K, reserved 1114112K
  class space    used 8872K, committed 9536K, reserved 1048576K
GC Heap History (20 events):
Event: 14.845 GC heap before
{Heap before GC invocations=57 (full 3):
 PSYoungGen      total 14848K, used 14340K [0x00000000d5580000, 0x00000000d6500000, 0x0000000100000000)
  eden space 13824K, 100% used [0x00000000d5580000,0x00000000d6300000,0x00000000d6300000)
  from space 1024K, 50% used [0x00000000d6300000,0x00000000d63810d8,0x00000000d6400000)
  to   space 1024K, 0% used [0x00000000d6400000,0x00000000d6400000,0x00000000d6500000)
 ParOldGen       total 68608K, used 49507K [0x0000000080000000, 0x0000000084300000, 0x00000000d5580000)
  object space 68608K, 72% used [0x0000000080000000,0x0000000083058e20,0x0000000084300000)
 Metaspace       used 67335K, committed 68736K, reserved 1114112K
  class space    used 8434K, committed 9024K, reserved 1048576K
}
Event: 14.847 GC heap after
{Heap after GC invocations=57 (full 3):
 PSYoungGen      total 14848K, used 640K [0x00000000d5580000, 0x00000000d6500000, 0x0000000100000000)
  eden space 13824K, 0% used [0x00000000d5580000,0x00000000d5580000,0x00000000d6300000)
  from space 1024K, 62% used [0x00000000d6400000,0x00000000d64a0010,0x00000000d6500000)
  to   space 1024K, 0% used [0x00000000d6300000,0x00000000d6300000,0x00000000d6400000)
 ParOldGen       total 68608K, used 49595K [0x0000000080000000, 0x0000000084300000, 0x00000000d5580000)
  object space 68608K, 72% used [0x0000000080000000,0x000000008306ee30,0x0000000084300000)
 Metaspace       used 67335K, committed 68736K, reserved 1114112K
  class space    used 8434K, committed 9024K, reserved 1048576K
}
Event: 15.175 GC heap before
{Heap before GC invocations=58 (full 3):
 PSYoungGen      total 14848K, used 14463K [0x00000000d5580000, 0x00000000d6500000, 0x0000000100000000)
  eden space 13824K, 99% used [0x00000000d5580000,0x00000000d62fff88,0x00000000d6300000)
  from space 1024K, 62% used [0x00000000d6400000,0x00000000d64a0010,0x00000000d6500000)
  to   space 1024K, 0% used [0x00000000d6300000,0x00000000d6300000,0x00000000d6400000)
 ParOldGen       total 68608K, used 49595K [0x0000000080000000, 0x0000000084300000, 0x00000000d5580000)
  object space 68608K, 72% used [0x0000000080000000,0x000000008306ee30,0x0000000084300000)
 Metaspace       used 68981K, committed 70464K, reserved 1114112K
  class space    used 8679K, committed 9280K, reserved 1048576K
}
Event: 15.177 GC heap after
{Heap after GC invocations=58 (full 3):
 PSYoungGen      total 14848K, used 512K [0x00000000d5580000, 0x00000000d6500000, 0x0000000100000000)
  eden space 13824K, 0% used [0x00000000d5580000,0x00000000d5580000,0x00000000d6300000)
  from space 1024K, 50% used [0x00000000d6300000,0x00000000d6380000,0x00000000d6400000)
  to   space 1024K, 0% used [0x00000000d6400000,0x00000000d6400000,0x00000000d6500000)
 ParOldGen       total 68608K, used 50019K [0x0000000080000000, 0x0000000084300000, 0x00000000d5580000)
  object space 68608K, 72% used [0x0000000080000000,0x00000000830d8e60,0x0000000084300000)
 Metaspace       used 68981K, committed 70464K, reserved 1114112K
  class space    used 8679K, committed 9280K, reserved 1048576K
}
Event: 15.739 GC heap before
{Heap before GC invocations=59 (full 3):
 PSYoungGen      total 14848K, used 14336K [0x00000000d5580000, 0x00000000d6500000, 0x0000000100000000)
  eden space 13824K, 100% used [0x00000000d5580000,0x00000000d6300000,0x00000000d6300000)
  from space 1024K, 50% used [0x00000000d6300000,0x00000000d6380000,0x00000000d6400000)
  to   space 1024K, 0% used [0x00000000d6400000,0x00000000d6400000,0x00000000d6500000)
 ParOldGen       total 68608K, used 50019K [0x0000000080000000, 0x0000000084300000, 0x00000000d5580000)
  object space 68608K, 72% used [0x0000000080000000,0x00000000830d8e60,0x0000000084300000)
 Metaspace       used 69449K, committed 70912K, reserved 1114112K
  class space    used 8735K, committed 9344K, reserved 1048576K
}
Event: 15.741 GC heap after
{Heap after GC invocations=59 (full 3):
 PSYoungGen      total 14336K, used 448K [0x00000000d5580000, 0x00000000d6480000, 0x0000000100000000)
  eden space 13824K, 0% used [0x00000000d5580000,0x00000000d5580000,0x00000000d6300000)
  from space 512K, 87% used [0x00000000d6400000,0x00000000d6470000,0x00000000d6480000)
  to   space 512K, 0% used [0x00000000d6380000,0x00000000d6380000,0x00000000d6400000)
 ParOldGen       total 68608K, used 50342K [0x0000000080000000, 0x0000000084300000, 0x00000000d5580000)
  object space 68608K, 73% used [0x0000000080000000,0x00000000831299d0,0x0000000084300000)
 Metaspace       used 69449K, committed 70912K, reserved 1114112K
  class space    used 8735K, committed 9344K, reserved 1048576K
}
Event: 15.981 GC heap before
{Heap before GC invocations=60 (full 3):
 PSYoungGen      total 14336K, used 14269K [0x00000000d5580000, 0x00000000d6480000, 0x0000000100000000)
  eden space 13824K, 99% used [0x00000000d5580000,0x00000000d62ff6e0,0x00000000d6300000)
  from space 512K, 87% used [0x00000000d6400000,0x00000000d6470000,0x00000000d6480000)
  to   space 512K, 0% used [0x00000000d6380000,0x00000000d6380000,0x00000000d6400000)
 ParOldGen       total 68608K, used 50342K [0x0000000080000000, 0x0000000084300000, 0x00000000d5580000)
  object space 68608K, 73% used [0x0000000080000000,0x00000000831299d0,0x0000000084300000)
 Metaspace       used 69536K, committed 70976K, reserved 1114112K
  class space    used 8749K, committed 9408K, reserved 1048576K
}
Event: 15.983 GC heap after
{Heap after GC invocations=60 (full 3):
 PSYoungGen      total 14336K, used 384K [0x00000000d5580000, 0x00000000d6480000, 0x0000000100000000)
  eden space 13824K, 0% used [0x00000000d5580000,0x00000000d5580000,0x00000000d6300000)
  from space 512K, 75% used [0x00000000d6380000,0x00000000d63e0000,0x00000000d6400000)
  to   space 512K, 0% used [0x00000000d6400000,0x00000000d6400000,0x00000000d6480000)
 ParOldGen       total 68608K, used 50592K [0x0000000080000000, 0x0000000084300000, 0x00000000d5580000)
  object space 68608K, 73% used [0x0000000080000000,0x0000000083168330,0x0000000084300000)
 Metaspace       used 69536K, committed 70976K, reserved 1114112K
  class space    used 8749K, committed 9408K, reserved 1048576K
}
Event: 16.227 GC heap before
{Heap before GC invocations=61 (full 3):
 PSYoungGen      total 14336K, used 14208K [0x00000000d5580000, 0x00000000d6480000, 0x0000000100000000)
  eden space 13824K, 100% used [0x00000000d5580000,0x00000000d6300000,0x00000000d6300000)
  from space 512K, 75% used [0x00000000d6380000,0x00000000d63e0000,0x00000000d6400000)
  to   space 512K, 0% used [0x00000000d6400000,0x00000000d6400000,0x00000000d6480000)
 ParOldGen       total 68608K, used 50592K [0x0000000080000000, 0x0000000084300000, 0x00000000d5580000)
  object space 68608K, 73% used [0x0000000080000000,0x0000000083168330,0x0000000084300000)
 Metaspace       used 70424K, committed 71872K, reserved 1114112K
  class space    used 8854K, committed 9472K, reserved 1048576K
}
Event: 16.229 GC heap after
{Heap after GC invocations=61 (full 3):
 PSYoungGen      total 14336K, used 504K [0x00000000d5580000, 0x00000000d6500000, 0x0000000100000000)
  eden space 13824K, 0% used [0x00000000d5580000,0x00000000d5580000,0x00000000d6300000)
  from space 512K, 98% used [0x00000000d6400000,0x00000000d647e1a8,0x00000000d6480000)
  to   space 1024K, 0% used [0x00000000d6300000,0x00000000d6300000,0x00000000d6400000)
 ParOldGen       total 68608K, used 50945K [0x0000000080000000, 0x0000000084300000, 0x00000000d5580000)
  object space 68608K, 74% used [0x0000000080000000,0x00000000831c05d8,0x0000000084300000)
 Metaspace       used 70424K, committed 71872K, reserved 1114112K
  class space    used 8854K, committed 9472K, reserved 1048576K
}
Event: 16.624 GC heap before
{Heap before GC invocations=62 (full 3):
 PSYoungGen      total 14336K, used 14328K [0x00000000d5580000, 0x00000000d6500000, 0x0000000100000000)
  eden space 13824K, 100% used [0x00000000d5580000,0x00000000d6300000,0x00000000d6300000)
  from space 512K, 98% used [0x00000000d6400000,0x00000000d647e1a8,0x00000000d6480000)
  to   space 1024K, 0% used [0x00000000d6300000,0x00000000d6300000,0x00000000d6400000)
 ParOldGen       total 68608K, used 50945K [0x0000000080000000, 0x0000000084300000, 0x00000000d5580000)
  object space 68608K, 74% used [0x0000000080000000,0x00000000831c05d8,0x0000000084300000)
 Metaspace       used 70626K, committed 72128K, reserved 1114112K
  class space    used 8858K, committed 9536K, reserved 1048576K
}
Event: 16.625 GC heap after
{Heap after GC invocations=62 (full 3):
 PSYoungGen      total 14848K, used 416K [0x00000000d5580000, 0x00000000d6500000, 0x0000000100000000)
  eden space 13824K, 0% used [0x00000000d5580000,0x00000000d5580000,0x00000000d6300000)
  from space 1024K, 40% used [0x00000000d6300000,0x00000000d6368000,0x00000000d6400000)
  to   space 1024K, 0% used [0x00000000d6400000,0x00000000d6400000,0x00000000d6500000)
 ParOldGen       total 68608K, used 51401K [0x0000000080000000, 0x0000000084300000, 0x00000000d5580000)
  object space 68608K, 74% used [0x0000000080000000,0x0000000083232740,0x0000000084300000)
 Metaspace       used 70626K, committed 72128K, reserved 1114112K
  class space    used 8858K, committed 9536K, reserved 1048576K
}
Event: 372.690 GC heap before
{Heap before GC invocations=63 (full 3):
 PSYoungGen      total 14848K, used 14240K [0x00000000d5580000, 0x00000000d6500000, 0x0000000100000000)
  eden space 13824K, 100% used [0x00000000d5580000,0x00000000d6300000,0x00000000d6300000)
  from space 1024K, 40% used [0x00000000d6300000,0x00000000d6368000,0x00000000d6400000)
  to   space 1024K, 0% used [0x00000000d6400000,0x00000000d6400000,0x00000000d6500000)
 ParOldGen       total 68608K, used 51401K [0x0000000080000000, 0x0000000084300000, 0x00000000d5580000)
  object space 68608K, 74% used [0x0000000080000000,0x0000000083232740,0x0000000084300000)
 Metaspace       used 70811K, committed 72256K, reserved 1114112K
  class space    used 8871K, committed 9536K, reserved 1048576K
}
Event: 372.691 GC heap after
{Heap after GC invocations=63 (full 3):
 PSYoungGen      total 14336K, used 480K [0x00000000d5580000, 0x00000000d6480000, 0x0000000100000000)
  eden space 13824K, 0% used [0x00000000d5580000,0x00000000d5580000,0x00000000d6300000)
  from space 512K, 93% used [0x00000000d6400000,0x00000000d6478000,0x00000000d6480000)
  to   space 512K, 0% used [0x00000000d6380000,0x00000000d6380000,0x00000000d6400000)
 ParOldGen       total 68608K, used 51505K [0x0000000080000000, 0x0000000084300000, 0x00000000d5580000)
  object space 68608K, 75% used [0x0000000080000000,0x000000008324c750,0x0000000084300000)
 Metaspace       used 70811K, committed 72256K, reserved 1114112K
  class space    used 8871K, committed 9536K, reserved 1048576K
}
Event: 372.867 GC heap before
{Heap before GC invocations=64 (full 3):
 PSYoungGen      total 14336K, used 14304K [0x00000000d5580000, 0x00000000d6480000, 0x0000000100000000)
  eden space 13824K, 100% used [0x00000000d5580000,0x00000000d6300000,0x00000000d6300000)
  from space 512K, 93% used [0x00000000d6400000,0x00000000d6478000,0x00000000d6480000)
  to   space 512K, 0% used [0x00000000d6380000,0x00000000d6380000,0x00000000d6400000)
 ParOldGen       total 68608K, used 51505K [0x0000000080000000, 0x0000000084300000, 0x00000000d5580000)
  object space 68608K, 75% used [0x0000000080000000,0x000000008324c750,0x0000000084300000)
 Metaspace       used 70830K, committed 72320K, reserved 1114112K
  class space    used 8871K, committed 9536K, reserved 1048576K
}
Event: 372.869 GC heap after
{Heap after GC invocations=64 (full 3):
 PSYoungGen      total 14336K, used 160K [0x00000000d5580000, 0x00000000d6480000, 0x0000000100000000)
  eden space 13824K, 0% used [0x00000000d5580000,0x00000000d5580000,0x00000000d6300000)
  from space 512K, 31% used [0x00000000d6380000,0x00000000d63a8000,0x00000000d6400000)
  to   space 512K, 0% used [0x00000000d6400000,0x00000000d6400000,0x00000000d6480000)
 ParOldGen       total 68608K, used 51825K [0x0000000080000000, 0x0000000084300000, 0x00000000d5580000)
  object space 68608K, 75% used [0x0000000080000000,0x000000008329c750,0x0000000084300000)
 Metaspace       used 70830K, committed 72320K, reserved 1114112K
  class space    used 8871K, committed 9536K, reserved 1048576K
}
Event: 373.036 GC heap before
{Heap before GC invocations=65 (full 3):
 PSYoungGen      total 14336K, used 13984K [0x00000000d5580000, 0x00000000d6480000, 0x0000000100000000)
  eden space 13824K, 100% used [0x00000000d5580000,0x00000000d6300000,0x00000000d6300000)
  from space 512K, 31% used [0x00000000d6380000,0x00000000d63a8000,0x00000000d6400000)
  to   space 512K, 0% used [0x00000000d6400000,0x00000000d6400000,0x00000000d6480000)
 ParOldGen       total 68608K, used 51825K [0x0000000080000000, 0x0000000084300000, 0x00000000d5580000)
  object space 68608K, 75% used [0x0000000080000000,0x000000008329c750,0x0000000084300000)
 Metaspace       used 70878K, committed 72384K, reserved 1114112K
  class space    used 8872K, committed 9536K, reserved 1048576K
}
Event: 373.037 GC heap after
{Heap after GC invocations=65 (full 3):
 PSYoungGen      total 14336K, used 416K [0x00000000d5580000, 0x00000000d6480000, 0x0000000100000000)
  eden space 13824K, 0% used [0x00000000d5580000,0x00000000d5580000,0x00000000d6300000)
  from space 512K, 81% used [0x00000000d6400000,0x00000000d6468000,0x00000000d6480000)
  to   space 512K, 0% used [0x00000000d6380000,0x00000000d6380000,0x00000000d6400000)
 ParOldGen       total 68608K, used 51841K [0x0000000080000000, 0x0000000084300000, 0x00000000d5580000)
  object space 68608K, 75% used [0x0000000080000000,0x00000000832a0750,0x0000000084300000)
 Metaspace       used 70878K, committed 72384K, reserved 1114112K
  class space    used 8872K, committed 9536K, reserved 1048576K
}
Event: 373.217 GC heap before
{Heap before GC invocations=66 (full 3):
 PSYoungGen      total 14336K, used 14240K [0x00000000d5580000, 0x00000000d6480000, 0x0000000100000000)
  eden space 13824K, 100% used [0x00000000d5580000,0x00000000d6300000,0x00000000d6300000)
  from space 512K, 81% used [0x00000000d6400000,0x00000000d6468000,0x00000000d6480000)
  to   space 512K, 0% used [0x00000000d6380000,0x00000000d6380000,0x00000000d6400000)
 ParOldGen       total 68608K, used 51841K [0x0000000080000000, 0x0000000084300000, 0x00000000d5580000)
  object space 68608K, 75% used [0x0000000080000000,0x00000000832a0750,0x0000000084300000)
 Metaspace       used 70909K, committed 72448K, reserved 1114112K
  class space    used 8872K, committed 9536K, reserved 1048576K
}
Event: 373.217 GC heap after
{Heap after GC invocations=66 (full 3):
 PSYoungGen      total 14336K, used 160K [0x00000000d5580000, 0x00000000d6480000, 0x0000000100000000)
  eden space 13824K, 0% used [0x00000000d5580000,0x00000000d5580000,0x00000000d6300000)
  from space 512K, 31% used [0x00000000d6380000,0x00000000d63a8000,0x00000000d6400000)
  to   space 512K, 0% used [0x00000000d6400000,0x00000000d6400000,0x00000000d6480000)
 ParOldGen       total 68608K, used 51953K [0x0000000080000000, 0x0000000084300000, 0x00000000d5580000)
  object space 68608K, 75% used [0x0000000080000000,0x00000000832bc750,0x0000000084300000)
 Metaspace       used 70909K, committed 72448K, reserved 1114112K
  class space    used 8872K, committed 9536K, reserved 1048576K
}

